0 verbose cli /opt/homebrew/Cellar/node@22/22.22.2_1/bin/node /opt/homebrew/Cellar/node@22/22.22.2_1/lib/node_modules/npm/bin/npm-cli.js
1 info using npm@10.9.7
2 info using node@v22.22.2
3 silly config load:file:/opt/homebrew/Cellar/node@22/22.22.2_1/lib/node_modules/npm/npmrc
4 silly config load:file:/Users/elle/Projects/orangegoods-website/.openclaw/plugin-runtime-deps/openclaw-2026.4.26-da6bdffc3d96/.npmrc
5 silly config load:file:/Users/elle/Projects/orangegoods-website/.npmrc
6 silly config load:file:/opt/homebrew/etc/npmrc
7 verbose title npm install @aws-sdk/client-bedrock-runtime@3.1036.0 @aws-sdk/client-bedrock@3.1036.0 @aws-sdk/credential-provider-node@3.972.36 tslog@^4.10.2
8 verbose argv "install" "--ignore-scripts" "@aws-sdk/client-bedrock-runtime@3.1036.0" "@aws-sdk/client-bedrock@3.1036.0" "@aws-sdk/credential-provider-node@3.972.36" "tslog@^4.10.2"
9 verbose logfile logs-max:10 dir:/Users/elle/Projects/orangegoods-website/.openclaw/plugin-runtime-deps/openclaw-2026.4.26-da6bdffc3d96/.openclaw-npm-cache/_logs/2026-05-02T04_21_58_742Z-
10 verbose logfile /Users/elle/Projects/orangegoods-website/.openclaw/plugin-runtime-deps/openclaw-2026.4.26-da6bdffc3d96/.openclaw-npm-cache/_logs/2026-05-02T04_21_58_742Z-debug-0.log
11 silly logfile done cleaning log files
12 silly packumentCache heap:4345298944 maxSize:1086324736 maxEntrySize:543162368
13 silly idealTree buildDeps
14 silly fetch manifest @aws-sdk/client-bedrock-runtime@3.1036.0
15 silly packumentCache full:https://registry.npmjs.org/@aws-sdk%2fclient-bedrock-runtime cache-miss
16 http fetch GET https://registry.npmjs.org/@aws-sdk%2fclient-bedrock-runtime attempt 1 failed with ENOTFOUND
17 http fetch GET https://registry.npmjs.org/@aws-sdk%2fclient-bedrock-runtime attempt 2 failed with ENOTFOUND
18 http fetch GET https://registry.npmjs.org/@aws-sdk%2fclient-bedrock-runtime attempt 3 failed with ENOTFOUND
19 silly fetch manifest @aws-sdk/client-bedrock@3.1036.0
20 silly packumentCache full:https://registry.npmjs.org/@aws-sdk%2fclient-bedrock cache-miss
21 http fetch GET https://registry.npmjs.org/@aws-sdk%2fclient-bedrock attempt 1 failed with ENOTFOUND
22 http fetch GET https://registry.npmjs.org/@aws-sdk%2fclient-bedrock attempt 2 failed with ENOTFOUND
